<?xml version="1.0" encoding="UTF-8"?>
<!-- Generated by org.testng.reporters.JUnitXMLReporter -->
<testsuite ignored="0" hostname="LAPTOP-UN0G5FL5" failures="0" tests="3" name="Default test" time="5.097" errors="0" timestamp="2023-11-15T18:48:17 IST">
  <testcase classname="com.sportyshoe.Tests.AddtoCartPageTest" name="test_login" time="0.537"/>
  <testcase classname="com.sportyshoe.Tests.AddtoCartPageTest" name="test_add_product_to_cart" time="0.088"/>
  <testcase classname="com.sportyshoe.Tests.AddtoCartPageTest" name="test_validate_success_message" time="0.051"/>
</testsuite> <!-- Default test -->
