<?xml version="1.0" encoding="UTF-8"?>
<testng-results ignored="0" total="3" passed="3" failed="0" skipped="0">
  <reporter-output>
  </reporter-output>
  <suite started-at="2023-11-15T18:48:12 IST" name="Default suite" finished-at="2023-11-15T18:48:17 IST" duration-ms="5097">
    <groups>
    </groups>
    <test started-at="2023-11-15T18:48:12 IST" name="Default test" finished-at="2023-11-15T18:48:17 IST" duration-ms="5097">
      <class name="com.sportyshoe.Tests.AddtoCartPageTest">
        <test-method is-config="true" signature="start_browser()[pri:0, instance:com.sportyshoe.Tests.AddtoCartPageTest@72cc7e6f]" started-at="2023-11-15T18:48:12 IST" name="start_browser" finished-at="2023-11-15T18:48:17 IST" duration-ms="4331" status="PASS">
          <reporter-output>
          </reporter-output>
        </test-method> <!-- start_browser -->
        <test-method signature="test_login()[pri:49, instance:com.sportyshoe.Tests.AddtoCartPageTest@72cc7e6f]" started-at="2023-11-15T18:48:17 IST" name="test_login" finished-at="2023-11-15T18:48:17 IST" duration-ms="537" status="PASS">
          <reporter-output>
          </reporter-output>
        </test-method> <!-- test_login -->
        <test-method signature="test_add_product_to_cart()[pri:50, instance:com.sportyshoe.Tests.AddtoCartPageTest@72cc7e6f]" started-at="2023-11-15T18:48:17 IST" name="test_add_product_to_cart" finished-at="2023-11-15T18:48:17 IST" duration-ms="88" status="PASS">
          <reporter-output>
          </reporter-output>
        </test-method> <!-- test_add_product_to_cart -->
        <test-method signature="test_validate_success_message()[pri:51, instance:com.sportyshoe.Tests.AddtoCartPageTest@72cc7e6f]" started-at="2023-11-15T18:48:17 IST" name="test_validate_success_message" finished-at="2023-11-15T18:48:17 IST" duration-ms="51" status="PASS">
          <reporter-output>
          </reporter-output>
        </test-method> <!-- test_validate_success_message -->
      </class> <!-- com.sportyshoe.Tests.AddtoCartPageTest -->
    </test> <!-- Default test -->
  </suite> <!-- Default suite -->
</testng-results>
